Mar 11 2023 15:49:47
{"Number":8192,"Message":"Return type of Requests_Cookie_Jar::offsetExists($key) should either be compatible with ArrayAccess::offsetExists(mixed $offset): bool, or the #[\\ReturnTypeWillChange] attribute should be used to temporarily suppress the notice","File":"\/var\/www\/html\/wp-includes\/Requests\/Cookie\/Jar.php","Line":63}

Mar 11 2023 15:49:47
{"Number":8192,"Message":"Return type of Requests_Cookie_Jar::offsetGet($key) should either be compatible with ArrayAccess::offsetGet(mixed $offset): mixed, or the #[\\ReturnTypeWillChange] attribute should be used to temporarily suppress the notice","File":"\/var\/www\/html\/wp-includes\/Requests\/Cookie\/Jar.php","Line":73}

Mar 11 2023 15:49:47
{"Number":8192,"Message":"Return type of Requests_Cookie_Jar::offsetSet($key, $value) should either be compatible with ArrayAccess::offsetSet(mixed $offset, mixed $value): void, or the #[\\ReturnTypeWillChange] attribute should be used to temporarily suppress the notice","File":"\/var\/www\/html\/wp-includes\/Requests\/Cookie\/Jar.php","Line":89}

Mar 11 2023 15:49:47
{"Number":8192,"Message":"Return type of Requests_Cookie_Jar::offsetUnset($key) should either be compatible with ArrayAccess::offsetUnset(mixed $offset): void, or the #[\\ReturnTypeWillChange] attribute should be used to temporarily suppress the notice","File":"\/var\/www\/html\/wp-includes\/Requests\/Cookie\/Jar.php","Line":102}

Mar 11 2023 15:49:47
{"Number":8192,"Message":"Return type of Requests_Cookie_Jar::getIterator() should either be compatible with IteratorAggregate::getIterator(): Traversable, or the #[\\ReturnTypeWillChange] attribute should be used to temporarily suppress the notice","File":"\/var\/www\/html\/wp-includes\/Requests\/Cookie\/Jar.php","Line":111}

Mar 11 2023 15:49:47
{"Number":8192,"Message":"Return type of Requests_Utility_CaseInsensitiveDictionary::offsetExists($key) should either be compatible with ArrayAccess::offsetExists(mixed $offset): bool, or the #[\\ReturnTypeWillChange] attribute should be used to temporarily suppress the notice","File":"\/var\/www\/html\/wp-includes\/Requests\/Utility\/CaseInsensitiveDictionary.php","Line":40}

Mar 11 2023 15:49:47
{"Number":8192,"Message":"Return type of Requests_Utility_CaseInsensitiveDictionary::offsetGet($key) should either be compatible with ArrayAccess::offsetGet(mixed $offset): mixed, or the #[\\ReturnTypeWillChange] attribute should be used to temporarily suppress the notice","File":"\/var\/www\/html\/wp-includes\/Requests\/Utility\/CaseInsensitiveDictionary.php","Line":51}

Mar 11 2023 15:49:47
{"Number":8192,"Message":"Return type of Requests_Utility_CaseInsensitiveDictionary::offsetSet($key, $value) should either be compatible with ArrayAccess::offsetSet(mixed $offset, mixed $value): void, or the #[\\ReturnTypeWillChange] attribute should be used to temporarily suppress the notice","File":"\/var\/www\/html\/wp-includes\/Requests\/Utility\/CaseInsensitiveDictionary.php","Line":68}

Mar 11 2023 15:49:47
{"Number":8192,"Message":"Return type of Requests_Utility_CaseInsensitiveDictionary::offsetUnset($key) should either be compatible with ArrayAccess::offsetUnset(mixed $offset): void, or the #[\\ReturnTypeWillChange] attribute should be used to temporarily suppress the notice","File":"\/var\/www\/html\/wp-includes\/Requests\/Utility\/CaseInsensitiveDictionary.php","Line":82}

Mar 11 2023 15:49:47
{"Number":8192,"Message":"Return type of Requests_Utility_CaseInsensitiveDictionary::getIterator() should either be compatible with IteratorAggregate::getIterator(): Traversable, or the #[\\ReturnTypeWillChange] attribute should be used to temporarily suppress the notice","File":"\/var\/www\/html\/wp-includes\/Requests\/Utility\/CaseInsensitiveDictionary.php","Line":91}

Mar 11 2023 15:49:47
{"type":8192,"message":"Creation of dynamic property acf_field_clone::$have_rows is deprecated","file":"\/var\/www\/html\/wp-content\/plugins\/advanced-custom-fields-pro\/pro\/fields\/class-acf-field-clone.php","line":35}

Mar 11 2023 15:49:47
{"type":8192,"message":"Creation of dynamic property acf_field_clone::$have_rows is deprecated","file":"\/var\/www\/html\/wp-content\/plugins\/advanced-custom-fields-pro\/pro\/fields\/class-acf-field-clone.php","line":35}

Mar 11 2023 15:49:47
{"type":8192,"message":"Creation of dynamic property acf_field_clone::$have_rows is deprecated","file":"\/var\/www\/html\/wp-content\/plugins\/advanced-custom-fields-pro\/pro\/fields\/class-acf-field-clone.php","line":35}

Mar 11 2023 15:49:47
{"type":8192,"message":"Creation of dynamic property acf_field_clone::$have_rows is deprecated","file":"\/var\/www\/html\/wp-content\/plugins\/advanced-custom-fields-pro\/pro\/fields\/class-acf-field-clone.php","line":35}

Mar 11 2023 15:49:47
{"type":8192,"message":"Creation of dynamic property acf_field_clone::$have_rows is deprecated","file":"\/var\/www\/html\/wp-content\/plugins\/advanced-custom-fields-pro\/pro\/fields\/class-acf-field-clone.php","line":35}

Mar 11 2023 15:49:47
{"type":8192,"message":"Creation of dynamic property acf_field_clone::$have_rows is deprecated","file":"\/var\/www\/html\/wp-content\/plugins\/advanced-custom-fields-pro\/pro\/fields\/class-acf-field-clone.php","line":35}

Mar 11 2023 15:49:47
{"type":8192,"message":"Creation of dynamic property acf_field_clone::$have_rows is deprecated","file":"\/var\/www\/html\/wp-content\/plugins\/advanced-custom-fields-pro\/pro\/fields\/class-acf-field-clone.php","line":35}

Mar 11 2023 15:49:50
{"type":8192,"message":"Creation of dynamic property acf_field_clone::$have_rows is deprecated","file":"\/var\/www\/html\/wp-content\/plugins\/advanced-custom-fields-pro\/pro\/fields\/class-acf-field-clone.php","line":35}

Mar 11 2023 15:49:51
{"type":8192,"message":"Creation of dynamic property acf_field_clone::$have_rows is deprecated","file":"\/var\/www\/html\/wp-content\/plugins\/advanced-custom-fields-pro\/pro\/fields\/class-acf-field-clone.php","line":35}

Mar 11 2023 15:49:51
{"type":8192,"message":"Creation of dynamic property acf_field_clone::$have_rows is deprecated","file":"\/var\/www\/html\/wp-content\/plugins\/advanced-custom-fields-pro\/pro\/fields\/class-acf-field-clone.php","line":35}

Mar 11 2023 15:49:51
{"type":8192,"message":"Creation of dynamic property acf_field_clone::$have_rows is deprecated","file":"\/var\/www\/html\/wp-content\/plugins\/advanced-custom-fields-pro\/pro\/fields\/class-acf-field-clone.php","line":35}

Mar 11 2023 15:49:51
{"type":8192,"message":"Creation of dynamic property acf_field_clone::$have_rows is deprecated","file":"\/var\/www\/html\/wp-content\/plugins\/advanced-custom-fields-pro\/pro\/fields\/class-acf-field-clone.php","line":35}

Mar 11 2023 15:49:52
{"type":8192,"message":"Creation of dynamic property acf_field_clone::$have_rows is deprecated","file":"\/var\/www\/html\/wp-content\/plugins\/advanced-custom-fields-pro\/pro\/fields\/class-acf-field-clone.php","line":35}

Mar 11 2023 15:49:52
{"type":8192,"message":"Creation of dynamic property acf_field_clone::$have_rows is deprecated","file":"\/var\/www\/html\/wp-content\/plugins\/advanced-custom-fields-pro\/pro\/fields\/class-acf-field-clone.php","line":35}

Mar 11 2023 15:49:52
{"type":8192,"message":"Creation of dynamic property acf_field_clone::$have_rows is deprecated","file":"\/var\/www\/html\/wp-content\/plugins\/advanced-custom-fields-pro\/pro\/fields\/class-acf-field-clone.php","line":35}

Mar 11 2023 15:49:52
{"type":8192,"message":"Creation of dynamic property acf_field_clone::$have_rows is deprecated","file":"\/var\/www\/html\/wp-content\/plugins\/advanced-custom-fields-pro\/pro\/fields\/class-acf-field-clone.php","line":35}

Mar 11 2023 15:49:52
{"type":8192,"message":"Creation of dynamic property acf_field_clone::$have_rows is deprecated","file":"\/var\/www\/html\/wp-content\/plugins\/advanced-custom-fields-pro\/pro\/fields\/class-acf-field-clone.php","line":35}

Mar 11 2023 15:49:53
{"type":8192,"message":"Creation of dynamic property acf_field_clone::$have_rows is deprecated","file":"\/var\/www\/html\/wp-content\/plugins\/advanced-custom-fields-pro\/pro\/fields\/class-acf-field-clone.php","line":35}

Mar 11 2023 15:49:54
{"type":8192,"message":"Creation of dynamic property AIOSEO\\Plugin\\Common\\Models\\Notification::$dismissed is deprecated","file":"\/var\/www\/html\/wp-content\/plugins\/all-in-one-seo-pack-pro\/app\/Common\/Models\/Model.php","line":176}

Mar 11 2023 15:49:55
{"type":8192,"message":"Creation of dynamic property AIOSEO\\Plugin\\Common\\Models\\Notification::$dismissed is deprecated","file":"\/var\/www\/html\/wp-content\/plugins\/all-in-one-seo-pack-pro\/app\/Common\/Models\/Model.php","line":176}

Mar 11 2023 15:50:19
{"type":8192,"message":"Creation of dynamic property AIOSEO\\Plugin\\Common\\Models\\Notification::$dismissed is deprecated","file":"\/var\/www\/html\/wp-content\/plugins\/all-in-one-seo-pack-pro\/app\/Common\/Models\/Model.php","line":176}

Mar 11 2023 15:50:20
{"type":8192,"message":"Creation of dynamic property AIOSEO\\Plugin\\Common\\Models\\Notification::$dismissed is deprecated","file":"\/var\/www\/html\/wp-content\/plugins\/all-in-one-seo-pack-pro\/app\/Common\/Models\/Model.php","line":176}

Mar 11 2023 15:50:20
{"type":8192,"message":"Creation of dynamic property AIOSEO\\Plugin\\Common\\Models\\Notification::$dismissed is deprecated","file":"\/var\/www\/html\/wp-content\/plugins\/all-in-one-seo-pack-pro\/app\/Common\/Models\/Model.php","line":176}

Mar 11 2023 15:50:21
{"type":8192,"message":"Creation of dynamic property AIOSEO\\Plugin\\Common\\Models\\Notification::$dismissed is deprecated","file":"\/var\/www\/html\/wp-content\/plugins\/all-in-one-seo-pack-pro\/app\/Common\/Models\/Model.php","line":176}

Mar 11 2023 15:50:21
{"type":8192,"message":"Creation of dynamic property AIOSEO\\Plugin\\Common\\Models\\Notification::$dismissed is deprecated","file":"\/var\/www\/html\/wp-content\/plugins\/all-in-one-seo-pack-pro\/app\/Common\/Models\/Model.php","line":176}

Mar 11 2023 15:50:22
{"type":8192,"message":"Creation of dynamic property AIOSEO\\Plugin\\Common\\Models\\Notification::$dismissed is deprecated","file":"\/var\/www\/html\/wp-content\/plugins\/all-in-one-seo-pack-pro\/app\/Common\/Models\/Model.php","line":176}

Mar 11 2023 15:50:23
{"type":8192,"message":"Creation of dynamic property AIOSEO\\Plugin\\Common\\Models\\Notification::$dismissed is deprecated","file":"\/var\/www\/html\/wp-content\/plugins\/all-in-one-seo-pack-pro\/app\/Common\/Models\/Model.php","line":176}

Mar 11 2023 15:50:24
{"type":8192,"message":"Creation of dynamic property AIOSEO\\Plugin\\Common\\Models\\Notification::$dismissed is deprecated","file":"\/var\/www\/html\/wp-content\/plugins\/all-in-one-seo-pack-pro\/app\/Common\/Models\/Model.php","line":176}

Mar 11 2023 15:50:26
{"type":8192,"message":"Creation of dynamic property AIOSEO\\Plugin\\Common\\Models\\Notification::$dismissed is deprecated","file":"\/var\/www\/html\/wp-content\/plugins\/all-in-one-seo-pack-pro\/app\/Common\/Models\/Model.php","line":176}

Mar 11 2023 15:50:27
{"type":8192,"message":"Creation of dynamic property AIOSEO\\Plugin\\Common\\Models\\Notification::$dismissed is deprecated","file":"\/var\/www\/html\/wp-content\/plugins\/all-in-one-seo-pack-pro\/app\/Common\/Models\/Model.php","line":176}

Mar 11 2023 15:50:27
{"type":8192,"message":"Creation of dynamic property AIOSEO\\Plugin\\Common\\Models\\Notification::$dismissed is deprecated","file":"\/var\/www\/html\/wp-content\/plugins\/all-in-one-seo-pack-pro\/app\/Common\/Models\/Model.php","line":176}

Mar 11 2023 15:50:27
{"type":8192,"message":"Creation of dynamic property AIOSEO\\Plugin\\Common\\Models\\Notification::$dismissed is deprecated","file":"\/var\/www\/html\/wp-content\/plugins\/all-in-one-seo-pack-pro\/app\/Common\/Models\/Model.php","line":176}

Mar 11 2023 15:50:30
{"type":8192,"message":"Creation of dynamic property AIOSEO\\Plugin\\Common\\Models\\Notification::$dismissed is deprecated","file":"\/var\/www\/html\/wp-content\/plugins\/all-in-one-seo-pack-pro\/app\/Common\/Models\/Model.php","line":176}

Mar 11 2023 15:50:34
{"type":8192,"message":"Creation of dynamic property AIOSEO\\Plugin\\Common\\Models\\Notification::$dismissed is deprecated","file":"\/var\/www\/html\/wp-content\/plugins\/all-in-one-seo-pack-pro\/app\/Common\/Models\/Model.php","line":176}

Mar 11 2023 15:50:34
{"type":8192,"message":"Creation of dynamic property AIOSEO\\Plugin\\Common\\Models\\Notification::$dismissed is deprecated","file":"\/var\/www\/html\/wp-content\/plugins\/all-in-one-seo-pack-pro\/app\/Common\/Models\/Model.php","line":176}

Mar 11 2023 15:50:37
{"type":8192,"message":"Creation of dynamic property AIOSEO\\Plugin\\Common\\Models\\Notification::$dismissed is deprecated","file":"\/var\/www\/html\/wp-content\/plugins\/all-in-one-seo-pack-pro\/app\/Common\/Models\/Model.php","line":176}

Mar 11 2023 15:50:41
{"type":8192,"message":"Creation of dynamic property AIOSEO\\Plugin\\Common\\Models\\Notification::$dismissed is deprecated","file":"\/var\/www\/html\/wp-content\/plugins\/all-in-one-seo-pack-pro\/app\/Common\/Models\/Model.php","line":176}

Mar 11 2023 15:50:41
{"type":8192,"message":"Creation of dynamic property AIOSEO\\Plugin\\Common\\Models\\Notification::$dismissed is deprecated","file":"\/var\/www\/html\/wp-content\/plugins\/all-in-one-seo-pack-pro\/app\/Common\/Models\/Model.php","line":176}

Mar 11 2023 15:50:44
{"type":8192,"message":"Creation of dynamic property AIOSEO\\Plugin\\Common\\Models\\Notification::$dismissed is deprecated","file":"\/var\/www\/html\/wp-content\/plugins\/all-in-one-seo-pack-pro\/app\/Common\/Models\/Model.php","line":176}

Mar 11 2023 15:50:46
{"type":8192,"message":"Creation of dynamic property AIOSEO\\Plugin\\Common\\Models\\Notification::$dismissed is deprecated","file":"\/var\/www\/html\/wp-content\/plugins\/all-in-one-seo-pack-pro\/app\/Common\/Models\/Model.php","line":176}

Mar 11 2023 15:50:47
{"type":8192,"message":"Creation of dynamic property AIOSEO\\Plugin\\Common\\Models\\Notification::$dismissed is deprecated","file":"\/var\/www\/html\/wp-content\/plugins\/all-in-one-seo-pack-pro\/app\/Common\/Models\/Model.php","line":176}

Mar 11 2023 15:50:55
{"type":8192,"message":"Creation of dynamic property AIOSEO\\Plugin\\Common\\Models\\Notification::$dismissed is deprecated","file":"\/var\/www\/html\/wp-content\/plugins\/all-in-one-seo-pack-pro\/app\/Common\/Models\/Model.php","line":176}

Mar 11 2023 15:50:56
{"type":8192,"message":"Creation of dynamic property AIOSEO\\Plugin\\Common\\Models\\Notification::$dismissed is deprecated","file":"\/var\/www\/html\/wp-content\/plugins\/all-in-one-seo-pack-pro\/app\/Common\/Models\/Model.php","line":176}

Mar 11 2023 15:53:34
{"type":8192,"message":"Return type of Requests_Utility_CaseInsensitiveDictionary::getIterator() should either be compatible with IteratorAggregate::getIterator(): Traversable, or the #[\\ReturnTypeWillChange] attribute should be used to temporarily suppress the notice","file":"\/var\/www\/html\/wp-includes\/Requests\/Utility\/CaseInsensitiveDictionary.php","line":91}

Mar 11 2023 15:53:34
{"type":8192,"message":"Creation of dynamic property ActionScheduler_NullSchedule::$scheduled_date is deprecated","file":"\/var\/www\/html\/wp-content\/plugins\/all-in-one-seo-pack-pro\/vendor\/woocommerce\/action-scheduler\/classes\/schedules\/ActionScheduler_NullSchedule.php","line":26}

Mar 11 2023 15:53:34
{"type":8192,"message":"Creation of dynamic property ActionScheduler_NullSchedule::$scheduled_date is deprecated","file":"\/var\/www\/html\/wp-content\/plugins\/all-in-one-seo-pack-pro\/vendor\/woocommerce\/action-scheduler\/classes\/schedules\/ActionScheduler_NullSchedule.php","line":26}

Mar 11 2023 15:53:34
{"type":8192,"message":"Creation of dynamic property ActionScheduler_NullSchedule::$scheduled_date is deprecated","file":"\/var\/www\/html\/wp-content\/plugins\/all-in-one-seo-pack-pro\/vendor\/woocommerce\/action-scheduler\/classes\/schedules\/ActionScheduler_NullSchedule.php","line":26}

Mar 11 2023 15:53:34
{"type":8192,"message":"Creation of dynamic property ActionScheduler_NullSchedule::$scheduled_date is deprecated","file":"\/var\/www\/html\/wp-content\/plugins\/all-in-one-seo-pack-pro\/vendor\/woocommerce\/action-scheduler\/classes\/schedules\/ActionScheduler_NullSchedule.php","line":26}

Mar 11 2023 15:53:34
{"type":8192,"message":"Creation of dynamic property ActionScheduler_NullSchedule::$scheduled_date is deprecated","file":"\/var\/www\/html\/wp-content\/plugins\/all-in-one-seo-pack-pro\/vendor\/woocommerce\/action-scheduler\/classes\/schedules\/ActionScheduler_NullSchedule.php","line":26}

Mar 11 2023 15:53:35
{"type":8192,"message":"Creation of dynamic property ActionScheduler_NullSchedule::$scheduled_date is deprecated","file":"\/var\/www\/html\/wp-content\/plugins\/all-in-one-seo-pack-pro\/vendor\/woocommerce\/action-scheduler\/classes\/schedules\/ActionScheduler_NullSchedule.php","line":26}

Mar 11 2023 15:53:37
{"type":8192,"message":"Creation of dynamic property ActionScheduler_NullSchedule::$scheduled_date is deprecated","file":"\/var\/www\/html\/wp-content\/plugins\/all-in-one-seo-pack-pro\/vendor\/woocommerce\/action-scheduler\/classes\/schedules\/ActionScheduler_NullSchedule.php","line":26}

Mar 11 2023 15:53:39
{"type":8192,"message":"Creation of dynamic property ActionScheduler_NullSchedule::$scheduled_date is deprecated","file":"\/var\/www\/html\/wp-content\/plugins\/all-in-one-seo-pack-pro\/vendor\/woocommerce\/action-scheduler\/classes\/schedules\/ActionScheduler_NullSchedule.php","line":26}

Mar 11 2023 15:53:39
{"type":8192,"message":"Creation of dynamic property ActionScheduler_NullSchedule::$scheduled_date is deprecated","file":"\/var\/www\/html\/wp-content\/plugins\/all-in-one-seo-pack-pro\/vendor\/woocommerce\/action-scheduler\/classes\/schedules\/ActionScheduler_NullSchedule.php","line":26}

Mar 11 2023 15:53:39
{"type":8192,"message":"Creation of dynamic property ActionScheduler_NullSchedule::$scheduled_date is deprecated","file":"\/var\/www\/html\/wp-content\/plugins\/all-in-one-seo-pack-pro\/vendor\/woocommerce\/action-scheduler\/classes\/schedules\/ActionScheduler_NullSchedule.php","line":26}

Mar 11 2023 15:53:39
{"type":8192,"message":"Creation of dynamic property ActionScheduler_NullSchedule::$scheduled_date is deprecated","file":"\/var\/www\/html\/wp-content\/plugins\/all-in-one-seo-pack-pro\/vendor\/woocommerce\/action-scheduler\/classes\/schedules\/ActionScheduler_NullSchedule.php","line":26}

Mar 11 2023 15:53:42
{"type":8192,"message":"Creation of dynamic property ActionScheduler_NullSchedule::$scheduled_date is deprecated","file":"\/var\/www\/html\/wp-content\/plugins\/all-in-one-seo-pack-pro\/vendor\/woocommerce\/action-scheduler\/classes\/schedules\/ActionScheduler_NullSchedule.php","line":26}

Mar 11 2023 15:53:43
{"type":8192,"message":"Creation of dynamic property ActionScheduler_NullSchedule::$scheduled_date is deprecated","file":"\/var\/www\/html\/wp-content\/plugins\/all-in-one-seo-pack-pro\/vendor\/woocommerce\/action-scheduler\/classes\/schedules\/ActionScheduler_NullSchedule.php","line":26}

Mar 11 2023 15:53:43
{"type":8192,"message":"Creation of dynamic property ActionScheduler_NullSchedule::$scheduled_date is deprecated","file":"\/var\/www\/html\/wp-content\/plugins\/all-in-one-seo-pack-pro\/vendor\/woocommerce\/action-scheduler\/classes\/schedules\/ActionScheduler_NullSchedule.php","line":26}

Mar 11 2023 15:53:43
{"type":8192,"message":"Creation of dynamic property ActionScheduler_NullSchedule::$scheduled_date is deprecated","file":"\/var\/www\/html\/wp-content\/plugins\/all-in-one-seo-pack-pro\/vendor\/woocommerce\/action-scheduler\/classes\/schedules\/ActionScheduler_NullSchedule.php","line":26}

Mar 11 2023 15:53:44
{"type":8192,"message":"Creation of dynamic property ActionScheduler_NullSchedule::$scheduled_date is deprecated","file":"\/var\/www\/html\/wp-content\/plugins\/all-in-one-seo-pack-pro\/vendor\/woocommerce\/action-scheduler\/classes\/schedules\/ActionScheduler_NullSchedule.php","line":26}

Mar 11 2023 15:53:44
{"type":8192,"message":"Creation of dynamic property ActionScheduler_NullSchedule::$scheduled_date is deprecated","file":"\/var\/www\/html\/wp-content\/plugins\/all-in-one-seo-pack-pro\/vendor\/woocommerce\/action-scheduler\/classes\/schedules\/ActionScheduler_NullSchedule.php","line":26}

Mar 11 2023 15:53:44
{"type":8192,"message":"Creation of dynamic property ActionScheduler_NullSchedule::$scheduled_date is deprecated","file":"\/var\/www\/html\/wp-content\/plugins\/all-in-one-seo-pack-pro\/vendor\/woocommerce\/action-scheduler\/classes\/schedules\/ActionScheduler_NullSchedule.php","line":26}

Mar 11 2023 15:53:44
{"type":8192,"message":"Creation of dynamic property ActionScheduler_NullSchedule::$scheduled_date is deprecated","file":"\/var\/www\/html\/wp-content\/plugins\/all-in-one-seo-pack-pro\/vendor\/woocommerce\/action-scheduler\/classes\/schedules\/ActionScheduler_NullSchedule.php","line":26}

Mar 11 2023 15:53:45
{"type":8192,"message":"Creation of dynamic property ActionScheduler_NullSchedule::$scheduled_date is deprecated","file":"\/var\/www\/html\/wp-content\/plugins\/all-in-one-seo-pack-pro\/vendor\/woocommerce\/action-scheduler\/classes\/schedules\/ActionScheduler_NullSchedule.php","line":26}

Mar 12 2023 21:01:34
{"type":8192,"message":"Return type of Requests_Utility_CaseInsensitiveDictionary::getIterator() should either be compatible with IteratorAggregate::getIterator(): Traversable, or the #[\\ReturnTypeWillChange] attribute should be used to temporarily suppress the notice","file":"\/var\/www\/html\/wp-includes\/Requests\/Utility\/CaseInsensitiveDictionary.php","line":91}

Mar 12 2023 21:01:34
{"type":8192,"message":"Creation of dynamic property acf_field_clone::$have_rows is deprecated","file":"\/var\/www\/html\/wp-content\/plugins\/advanced-custom-fields-pro\/pro\/fields\/class-acf-field-clone.php","line":35}

Mar 12 2023 21:01:34
{"type":8192,"message":"Creation of dynamic property acf_field_clone::$have_rows is deprecated","file":"\/var\/www\/html\/wp-content\/plugins\/advanced-custom-fields-pro\/pro\/fields\/class-acf-field-clone.php","line":35}

Mar 12 2023 21:01:35
{"type":8192,"message":"Creation of dynamic property acf_field_clone::$have_rows is deprecated","file":"\/var\/www\/html\/wp-content\/plugins\/advanced-custom-fields-pro\/pro\/fields\/class-acf-field-clone.php","line":35}

Mar 12 2023 21:01:35
{"type":8192,"message":"Creation of dynamic property acf_field_clone::$have_rows is deprecated","file":"\/var\/www\/html\/wp-content\/plugins\/advanced-custom-fields-pro\/pro\/fields\/class-acf-field-clone.php","line":35}

Mar 12 2023 21:01:35
{"type":8192,"message":"Creation of dynamic property acf_field_clone::$have_rows is deprecated","file":"\/var\/www\/html\/wp-content\/plugins\/advanced-custom-fields-pro\/pro\/fields\/class-acf-field-clone.php","line":35}

Mar 12 2023 21:01:35
{"type":8192,"message":"Creation of dynamic property acf_field_clone::$have_rows is deprecated","file":"\/var\/www\/html\/wp-content\/plugins\/advanced-custom-fields-pro\/pro\/fields\/class-acf-field-clone.php","line":35}

Mar 12 2023 21:01:38
{"type":8192,"message":"Creation of dynamic property acf_field_clone::$have_rows is deprecated","file":"\/var\/www\/html\/wp-content\/plugins\/advanced-custom-fields-pro\/pro\/fields\/class-acf-field-clone.php","line":35}

Mar 12 2023 21:01:42
{"type":8192,"message":"Creation of dynamic property acf_field_clone::$have_rows is deprecated","file":"\/var\/www\/html\/wp-content\/plugins\/advanced-custom-fields-pro\/pro\/fields\/class-acf-field-clone.php","line":35}

Mar 12 2023 21:01:42
{"type":8192,"message":"Creation of dynamic property acf_field_clone::$have_rows is deprecated","file":"\/var\/www\/html\/wp-content\/plugins\/advanced-custom-fields-pro\/pro\/fields\/class-acf-field-clone.php","line":35}

Mar 12 2023 21:01:42
{"type":8192,"message":"Creation of dynamic property acf_field_clone::$have_rows is deprecated","file":"\/var\/www\/html\/wp-content\/plugins\/advanced-custom-fields-pro\/pro\/fields\/class-acf-field-clone.php","line":35}

Mar 12 2023 21:01:42
{"type":8192,"message":"Creation of dynamic property acf_field_clone::$have_rows is deprecated","file":"\/var\/www\/html\/wp-content\/plugins\/advanced-custom-fields-pro\/pro\/fields\/class-acf-field-clone.php","line":35}

Mar 12 2023 21:01:43
{"type":8192,"message":"Creation of dynamic property acf_field_clone::$have_rows is deprecated","file":"\/var\/www\/html\/wp-content\/plugins\/advanced-custom-fields-pro\/pro\/fields\/class-acf-field-clone.php","line":35}

Mar 12 2023 21:01:43
{"type":8192,"message":"Creation of dynamic property acf_field_clone::$have_rows is deprecated","file":"\/var\/www\/html\/wp-content\/plugins\/advanced-custom-fields-pro\/pro\/fields\/class-acf-field-clone.php","line":35}

Mar 12 2023 21:01:43
{"type":8192,"message":"Creation of dynamic property acf_field_clone::$have_rows is deprecated","file":"\/var\/www\/html\/wp-content\/plugins\/advanced-custom-fields-pro\/pro\/fields\/class-acf-field-clone.php","line":35}

Mar 12 2023 21:01:44
{"type":8192,"message":"Creation of dynamic property acf_field_clone::$have_rows is deprecated","file":"\/var\/www\/html\/wp-content\/plugins\/advanced-custom-fields-pro\/pro\/fields\/class-acf-field-clone.php","line":35}

Mar 12 2023 21:01:44
{"type":8192,"message":"Creation of dynamic property acf_field_clone::$have_rows is deprecated","file":"\/var\/www\/html\/wp-content\/plugins\/advanced-custom-fields-pro\/pro\/fields\/class-acf-field-clone.php","line":35}

Mar 12 2023 21:01:44
{"type":8192,"message":"Creation of dynamic property acf_field_clone::$have_rows is deprecated","file":"\/var\/www\/html\/wp-content\/plugins\/advanced-custom-fields-pro\/pro\/fields\/class-acf-field-clone.php","line":35}

Mar 12 2023 21:01:46
{"type":8192,"message":"Creation of dynamic property ActionScheduler_NullSchedule::$scheduled_date is deprecated","file":"\/var\/www\/html\/wp-content\/plugins\/wp-mail-smtp\/vendor\/woocommerce\/action-scheduler\/classes\/schedules\/ActionScheduler_NullSchedule.php","line":26}

Mar 12 2023 21:01:47
{"type":8192,"message":"Creation of dynamic property ActionScheduler_NullSchedule::$scheduled_date is deprecated","file":"\/var\/www\/html\/wp-content\/plugins\/wp-mail-smtp\/vendor\/woocommerce\/action-scheduler\/classes\/schedules\/ActionScheduler_NullSchedule.php","line":26}

Mar 12 2023 22:54:08
{"type":8192,"message":"Creation of dynamic property ActionScheduler_NullSchedule::$scheduled_date is deprecated","file":"\/var\/www\/html\/wp-content\/plugins\/wp-mail-smtp\/vendor\/woocommerce\/action-scheduler\/classes\/schedules\/ActionScheduler_NullSchedule.php","line":26}

Mar 12 2023 22:54:08
{"type":8192,"message":"Creation of dynamic property ActionScheduler_NullSchedule::$scheduled_date is deprecated","file":"\/var\/www\/html\/wp-content\/plugins\/wp-mail-smtp\/vendor\/woocommerce\/action-scheduler\/classes\/schedules\/ActionScheduler_NullSchedule.php","line":26}

Mar 12 2023 22:54:08
{"type":8192,"message":"Creation of dynamic property ActionScheduler_NullSchedule::$scheduled_date is deprecated","file":"\/var\/www\/html\/wp-content\/plugins\/wp-mail-smtp\/vendor\/woocommerce\/action-scheduler\/classes\/schedules\/ActionScheduler_NullSchedule.php","line":26}

Mar 12 2023 22:54:08
{"type":8192,"message":"Creation of dynamic property ActionScheduler_NullSchedule::$scheduled_date is deprecated","file":"\/var\/www\/html\/wp-content\/plugins\/wp-mail-smtp\/vendor\/woocommerce\/action-scheduler\/classes\/schedules\/ActionScheduler_NullSchedule.php","line":26}

Mar 12 2023 22:54:08
{"type":8192,"message":"Creation of dynamic property ActionScheduler_NullSchedule::$scheduled_date is deprecated","file":"\/var\/www\/html\/wp-content\/plugins\/wp-mail-smtp\/vendor\/woocommerce\/action-scheduler\/classes\/schedules\/ActionScheduler_NullSchedule.php","line":26}

Mar 12 2023 22:54:09
{"type":8192,"message":"Creation of dynamic property ActionScheduler_NullSchedule::$scheduled_date is deprecated","file":"\/var\/www\/html\/wp-content\/plugins\/wp-mail-smtp\/vendor\/woocommerce\/action-scheduler\/classes\/schedules\/ActionScheduler_NullSchedule.php","line":26}

Mar 12 2023 22:54:09
{"type":8192,"message":"Creation of dynamic property ActionScheduler_NullSchedule::$scheduled_date is deprecated","file":"\/var\/www\/html\/wp-content\/plugins\/wp-mail-smtp\/vendor\/woocommerce\/action-scheduler\/classes\/schedules\/ActionScheduler_NullSchedule.php","line":26}

Mar 12 2023 22:54:12
{"type":8192,"message":"Creation of dynamic property ActionScheduler_NullSchedule::$scheduled_date is deprecated","file":"\/var\/www\/html\/wp-content\/plugins\/wp-mail-smtp\/vendor\/woocommerce\/action-scheduler\/classes\/schedules\/ActionScheduler_NullSchedule.php","line":26}

Mar 12 2023 22:54:13
{"type":8192,"message":"Creation of dynamic property ActionScheduler_NullSchedule::$scheduled_date is deprecated","file":"\/var\/www\/html\/wp-content\/plugins\/wp-mail-smtp\/vendor\/woocommerce\/action-scheduler\/classes\/schedules\/ActionScheduler_NullSchedule.php","line":26}

Mar 12 2023 22:54:13
{"type":8192,"message":"Creation of dynamic property ActionScheduler_NullSchedule::$scheduled_date is deprecated","file":"\/var\/www\/html\/wp-content\/plugins\/wp-mail-smtp\/vendor\/woocommerce\/action-scheduler\/classes\/schedules\/ActionScheduler_NullSchedule.php","line":26}

Mar 12 2023 22:54:13
{"type":8192,"message":"Creation of dynamic property ActionScheduler_NullSchedule::$scheduled_date is deprecated","file":"\/var\/www\/html\/wp-content\/plugins\/wp-mail-smtp\/vendor\/woocommerce\/action-scheduler\/classes\/schedules\/ActionScheduler_NullSchedule.php","line":26}

Mar 12 2023 22:54:14
{"type":8192,"message":"Creation of dynamic property ActionScheduler_NullSchedule::$scheduled_date is deprecated","file":"\/var\/www\/html\/wp-content\/plugins\/wp-mail-smtp\/vendor\/woocommerce\/action-scheduler\/classes\/schedules\/ActionScheduler_NullSchedule.php","line":26}

Mar 12 2023 22:54:15
{"type":8192,"message":"Creation of dynamic property ActionScheduler_NullSchedule::$scheduled_date is deprecated","file":"\/var\/www\/html\/wp-content\/plugins\/wp-mail-smtp\/vendor\/woocommerce\/action-scheduler\/classes\/schedules\/ActionScheduler_NullSchedule.php","line":26}

Mar 12 2023 22:54:16
{"type":8192,"message":"Creation of dynamic property ActionScheduler_NullSchedule::$scheduled_date is deprecated","file":"\/var\/www\/html\/wp-content\/plugins\/wp-mail-smtp\/vendor\/woocommerce\/action-scheduler\/classes\/schedules\/ActionScheduler_NullSchedule.php","line":26}

Mar 12 2023 22:54:16
{"type":8192,"message":"Creation of dynamic property ActionScheduler_NullSchedule::$scheduled_date is deprecated","file":"\/var\/www\/html\/wp-content\/plugins\/wp-mail-smtp\/vendor\/woocommerce\/action-scheduler\/classes\/schedules\/ActionScheduler_NullSchedule.php","line":26}

Mar 12 2023 22:54:16
{"type":8192,"message":"Creation of dynamic property ActionScheduler_NullSchedule::$scheduled_date is deprecated","file":"\/var\/www\/html\/wp-content\/plugins\/wp-mail-smtp\/vendor\/woocommerce\/action-scheduler\/classes\/schedules\/ActionScheduler_NullSchedule.php","line":26}

Mar 12 2023 22:54:16
{"type":8192,"message":"Creation of dynamic property ActionScheduler_NullSchedule::$scheduled_date is deprecated","file":"\/var\/www\/html\/wp-content\/plugins\/wp-mail-smtp\/vendor\/woocommerce\/action-scheduler\/classes\/schedules\/ActionScheduler_NullSchedule.php","line":26}

Mar 12 2023 22:54:16
{"type":8192,"message":"Creation of dynamic property ActionScheduler_NullSchedule::$scheduled_date is deprecated","file":"\/var\/www\/html\/wp-content\/plugins\/wp-mail-smtp\/vendor\/woocommerce\/action-scheduler\/classes\/schedules\/ActionScheduler_NullSchedule.php","line":26}

Mar 12 2023 22:54:17
{"type":8192,"message":"Creation of dynamic property ActionScheduler_NullSchedule::$scheduled_date is deprecated","file":"\/var\/www\/html\/wp-content\/plugins\/wp-mail-smtp\/vendor\/woocommerce\/action-scheduler\/classes\/schedules\/ActionScheduler_NullSchedule.php","line":26}

Mar 12 2023 22:54:17
{"type":8192,"message":"Creation of dynamic property ActionScheduler_NullSchedule::$scheduled_date is deprecated","file":"\/var\/www\/html\/wp-content\/plugins\/wp-mail-smtp\/vendor\/woocommerce\/action-scheduler\/classes\/schedules\/ActionScheduler_NullSchedule.php","line":26}

Mar 12 2023 23:05:16
{"type":8192,"message":"Return type of Requests_Utility_CaseInsensitiveDictionary::getIterator() should either be compatible with IteratorAggregate::getIterator(): Traversable, or the #[\\ReturnTypeWillChange] attribute should be used to temporarily suppress the notice","file":"\/var\/www\/html\/wp-includes\/Requests\/Utility\/CaseInsensitiveDictionary.php","line":91}

Mar 12 2023 23:05:16
{"type":8192,"message":"Creation of dynamic property ActionScheduler_NullSchedule::$scheduled_date is deprecated","file":"\/var\/www\/html\/wp-content\/plugins\/wp-mail-smtp\/vendor\/woocommerce\/action-scheduler\/classes\/schedules\/ActionScheduler_NullSchedule.php","line":26}

Mar 12 2023 23:05:17
{"type":8192,"message":"Creation of dynamic property ActionScheduler_NullSchedule::$scheduled_date is deprecated","file":"\/var\/www\/html\/wp-content\/plugins\/wp-mail-smtp\/vendor\/woocommerce\/action-scheduler\/classes\/schedules\/ActionScheduler_NullSchedule.php","line":26}

Mar 12 2023 23:05:17
{"type":8192,"message":"Creation of dynamic property ActionScheduler_NullSchedule::$scheduled_date is deprecated","file":"\/var\/www\/html\/wp-content\/plugins\/wp-mail-smtp\/vendor\/woocommerce\/action-scheduler\/classes\/schedules\/ActionScheduler_NullSchedule.php","line":26}

Mar 12 2023 23:05:17
{"type":8192,"message":"Creation of dynamic property ActionScheduler_NullSchedule::$scheduled_date is deprecated","file":"\/var\/www\/html\/wp-content\/plugins\/wp-mail-smtp\/vendor\/woocommerce\/action-scheduler\/classes\/schedules\/ActionScheduler_NullSchedule.php","line":26}

Mar 12 2023 23:05:17
{"type":8192,"message":"Creation of dynamic property ActionScheduler_NullSchedule::$scheduled_date is deprecated","file":"\/var\/www\/html\/wp-content\/plugins\/wp-mail-smtp\/vendor\/woocommerce\/action-scheduler\/classes\/schedules\/ActionScheduler_NullSchedule.php","line":26}

Mar 12 2023 23:05:17
{"type":8192,"message":"Creation of dynamic property ActionScheduler_NullSchedule::$scheduled_date is deprecated","file":"\/var\/www\/html\/wp-content\/plugins\/wp-mail-smtp\/vendor\/woocommerce\/action-scheduler\/classes\/schedules\/ActionScheduler_NullSchedule.php","line":26}

Mar 12 2023 23:05:20
{"type":8192,"message":"Creation of dynamic property ActionScheduler_NullSchedule::$scheduled_date is deprecated","file":"\/var\/www\/html\/wp-content\/plugins\/wp-mail-smtp\/vendor\/woocommerce\/action-scheduler\/classes\/schedules\/ActionScheduler_NullSchedule.php","line":26}

Mar 12 2023 23:05:23
{"type":8192,"message":"Creation of dynamic property ActionScheduler_NullSchedule::$scheduled_date is deprecated","file":"\/var\/www\/html\/wp-content\/plugins\/wp-mail-smtp\/vendor\/woocommerce\/action-scheduler\/classes\/schedules\/ActionScheduler_NullSchedule.php","line":26}

Mar 12 2023 23:05:23
{"type":8192,"message":"Creation of dynamic property ActionScheduler_NullSchedule::$scheduled_date is deprecated","file":"\/var\/www\/html\/wp-content\/plugins\/wp-mail-smtp\/vendor\/woocommerce\/action-scheduler\/classes\/schedules\/ActionScheduler_NullSchedule.php","line":26}

Mar 12 2023 23:05:23
{"type":8192,"message":"Creation of dynamic property ActionScheduler_NullSchedule::$scheduled_date is deprecated","file":"\/var\/www\/html\/wp-content\/plugins\/wp-mail-smtp\/vendor\/woocommerce\/action-scheduler\/classes\/schedules\/ActionScheduler_NullSchedule.php","line":26}

Mar 12 2023 23:05:23
{"type":8192,"message":"Creation of dynamic property ActionScheduler_NullSchedule::$scheduled_date is deprecated","file":"\/var\/www\/html\/wp-content\/plugins\/wp-mail-smtp\/vendor\/woocommerce\/action-scheduler\/classes\/schedules\/ActionScheduler_NullSchedule.php","line":26}

Mar 12 2023 23:05:27
{"type":8192,"message":"Creation of dynamic property ActionScheduler_NullSchedule::$scheduled_date is deprecated","file":"\/var\/www\/html\/wp-content\/plugins\/wp-mail-smtp\/vendor\/woocommerce\/action-scheduler\/classes\/schedules\/ActionScheduler_NullSchedule.php","line":26}

Mar 12 2023 23:05:28
{"type":8192,"message":"Creation of dynamic property ActionScheduler_NullSchedule::$scheduled_date is deprecated","file":"\/var\/www\/html\/wp-content\/plugins\/wp-mail-smtp\/vendor\/woocommerce\/action-scheduler\/classes\/schedules\/ActionScheduler_NullSchedule.php","line":26}

Mar 12 2023 23:05:28
{"type":8192,"message":"Creation of dynamic property ActionScheduler_NullSchedule::$scheduled_date is deprecated","file":"\/var\/www\/html\/wp-content\/plugins\/wp-mail-smtp\/vendor\/woocommerce\/action-scheduler\/classes\/schedules\/ActionScheduler_NullSchedule.php","line":26}

Mar 12 2023 23:05:28
{"type":8192,"message":"Creation of dynamic property ActionScheduler_NullSchedule::$scheduled_date is deprecated","file":"\/var\/www\/html\/wp-content\/plugins\/wp-mail-smtp\/vendor\/woocommerce\/action-scheduler\/classes\/schedules\/ActionScheduler_NullSchedule.php","line":26}

Mar 12 2023 23:05:29
{"type":8192,"message":"Creation of dynamic property ActionScheduler_NullSchedule::$scheduled_date is deprecated","file":"\/var\/www\/html\/wp-content\/plugins\/wp-mail-smtp\/vendor\/woocommerce\/action-scheduler\/classes\/schedules\/ActionScheduler_NullSchedule.php","line":26}

Mar 12 2023 23:05:29
{"type":8192,"message":"Creation of dynamic property ActionScheduler_NullSchedule::$scheduled_date is deprecated","file":"\/var\/www\/html\/wp-content\/plugins\/wp-mail-smtp\/vendor\/woocommerce\/action-scheduler\/classes\/schedules\/ActionScheduler_NullSchedule.php","line":26}

Mar 12 2023 23:05:29
{"type":8192,"message":"Creation of dynamic property ActionScheduler_NullSchedule::$scheduled_date is deprecated","file":"\/var\/www\/html\/wp-content\/plugins\/wp-mail-smtp\/vendor\/woocommerce\/action-scheduler\/classes\/schedules\/ActionScheduler_NullSchedule.php","line":26}

Mar 12 2023 23:05:30
{"type":8192,"message":"Creation of dynamic property WP_Optimize::$install_or_update_notice is deprecated","file":"\/var\/www\/html\/wp-content\/plugins\/wp-optimize\/wp-optimize.php","line":671}

Mar 12 2023 23:05:31
{"type":8192,"message":"Creation of dynamic property WP_Optimize::$install_or_update_notice is deprecated","file":"\/var\/www\/html\/wp-content\/plugins\/wp-optimize\/wp-optimize.php","line":671}

Mar 12 2023 23:06:00
{"type":8192,"message":"Creation of dynamic property WP_Optimize::$install_or_update_notice is deprecated","file":"\/var\/www\/html\/wp-content\/plugins\/wp-optimize\/wp-optimize.php","line":671}

Mar 12 2023 23:06:00
{"type":8192,"message":"Creation of dynamic property WP_Optimize::$install_or_update_notice is deprecated","file":"\/var\/www\/html\/wp-content\/plugins\/wp-optimize\/wp-optimize.php","line":671}

Mar 12 2023 23:06:00
{"type":8192,"message":"Creation of dynamic property WP_Optimize::$install_or_update_notice is deprecated","file":"\/var\/www\/html\/wp-content\/plugins\/wp-optimize\/wp-optimize.php","line":671}

Mar 12 2023 23:06:00
{"type":8192,"message":"Creation of dynamic property WP_Optimize::$install_or_update_notice is deprecated","file":"\/var\/www\/html\/wp-content\/plugins\/wp-optimize\/wp-optimize.php","line":671}

Mar 12 2023 23:06:00
{"type":8192,"message":"Creation of dynamic property WP_Optimize::$install_or_update_notice is deprecated","file":"\/var\/www\/html\/wp-content\/plugins\/wp-optimize\/wp-optimize.php","line":671}

Mar 12 2023 23:06:01
{"type":8192,"message":"Creation of dynamic property WP_Optimize::$install_or_update_notice is deprecated","file":"\/var\/www\/html\/wp-content\/plugins\/wp-optimize\/wp-optimize.php","line":671}

Mar 12 2023 23:06:01
{"type":8192,"message":"Creation of dynamic property WP_Optimize::$install_or_update_notice is deprecated","file":"\/var\/www\/html\/wp-content\/plugins\/wp-optimize\/wp-optimize.php","line":671}

Mar 12 2023 23:06:04
{"type":8192,"message":"Creation of dynamic property WP_Optimize::$install_or_update_notice is deprecated","file":"\/var\/www\/html\/wp-content\/plugins\/wp-optimize\/wp-optimize.php","line":671}

Mar 12 2023 23:06:05
{"type":8192,"message":"Creation of dynamic property WP_Optimize::$install_or_update_notice is deprecated","file":"\/var\/www\/html\/wp-content\/plugins\/wp-optimize\/wp-optimize.php","line":671}

Mar 12 2023 23:06:05
{"type":8192,"message":"Creation of dynamic property WP_Optimize::$install_or_update_notice is deprecated","file":"\/var\/www\/html\/wp-content\/plugins\/wp-optimize\/wp-optimize.php","line":671}

Mar 12 2023 23:06:05
{"type":8192,"message":"Creation of dynamic property WP_Optimize::$install_or_update_notice is deprecated","file":"\/var\/www\/html\/wp-content\/plugins\/wp-optimize\/wp-optimize.php","line":671}

Mar 12 2023 23:06:05
{"type":8192,"message":"Creation of dynamic property WP_Optimize::$install_or_update_notice is deprecated","file":"\/var\/www\/html\/wp-content\/plugins\/wp-optimize\/wp-optimize.php","line":671}

Mar 12 2023 23:06:07
{"type":8192,"message":"Creation of dynamic property WP_Optimize::$install_or_update_notice is deprecated","file":"\/var\/www\/html\/wp-content\/plugins\/wp-optimize\/wp-optimize.php","line":671}

Mar 12 2023 23:06:07
{"type":8192,"message":"Creation of dynamic property WP_Optimize::$install_or_update_notice is deprecated","file":"\/var\/www\/html\/wp-content\/plugins\/wp-optimize\/wp-optimize.php","line":671}

Mar 12 2023 23:06:07
{"type":8192,"message":"Creation of dynamic property WP_Optimize::$install_or_update_notice is deprecated","file":"\/var\/www\/html\/wp-content\/plugins\/wp-optimize\/wp-optimize.php","line":671}

Mar 12 2023 23:06:07
{"type":8192,"message":"Creation of dynamic property WP_Optimize::$install_or_update_notice is deprecated","file":"\/var\/www\/html\/wp-content\/plugins\/wp-optimize\/wp-optimize.php","line":671}

Mar 12 2023 23:06:07
{"type":8192,"message":"Creation of dynamic property WP_Optimize::$install_or_update_notice is deprecated","file":"\/var\/www\/html\/wp-content\/plugins\/wp-optimize\/wp-optimize.php","line":671}

Mar 12 2023 23:06:08
{"type":8192,"message":"Creation of dynamic property WP_Optimize::$install_or_update_notice is deprecated","file":"\/var\/www\/html\/wp-content\/plugins\/wp-optimize\/wp-optimize.php","line":671}

Mar 12 2023 23:06:08
{"type":8192,"message":"Creation of dynamic property WP_Optimize::$install_or_update_notice is deprecated","file":"\/var\/www\/html\/wp-content\/plugins\/wp-optimize\/wp-optimize.php","line":671}

Mar 12 2023 23:06:08
{"type":8192,"message":"Creation of dynamic property WP_Optimize::$install_or_update_notice is deprecated","file":"\/var\/www\/html\/wp-content\/plugins\/wp-optimize\/wp-optimize.php","line":671}

Mar 12 2023 23:24:22
{"type":8192,"message":"Creation of dynamic property WP_Optimize::$install_or_update_notice is deprecated","file":"\/var\/www\/html\/wp-content\/plugins\/wp-optimize\/wp-optimize.php","line":671}

Mar 12 2023 23:24:23
{"type":8192,"message":"Creation of dynamic property WP_Optimize::$install_or_update_notice is deprecated","file":"\/var\/www\/html\/wp-content\/plugins\/wp-optimize\/wp-optimize.php","line":671}

Mar 12 2023 23:24:23
{"type":8192,"message":"Creation of dynamic property WP_Optimize::$install_or_update_notice is deprecated","file":"\/var\/www\/html\/wp-content\/plugins\/wp-optimize\/wp-optimize.php","line":671}

Mar 12 2023 23:24:24
{"type":8192,"message":"Creation of dynamic property WP_Optimize::$install_or_update_notice is deprecated","file":"\/var\/www\/html\/wp-content\/plugins\/wp-optimize\/wp-optimize.php","line":671}

Mar 12 2023 23:24:24
{"type":8192,"message":"Creation of dynamic property WP_Optimize::$install_or_update_notice is deprecated","file":"\/var\/www\/html\/wp-content\/plugins\/wp-optimize\/wp-optimize.php","line":671}

Mar 12 2023 23:24:25
{"type":8192,"message":"Creation of dynamic property WP_Optimize::$install_or_update_notice is deprecated","file":"\/var\/www\/html\/wp-content\/plugins\/wp-optimize\/wp-optimize.php","line":671}

Mar 12 2023 23:24:25
{"type":8192,"message":"Creation of dynamic property WP_Optimize::$install_or_update_notice is deprecated","file":"\/var\/www\/html\/wp-content\/plugins\/wp-optimize\/wp-optimize.php","line":671}

Mar 12 2023 23:24:27
{"type":8192,"message":"Creation of dynamic property WP_Optimize::$install_or_update_notice is deprecated","file":"\/var\/www\/html\/wp-content\/plugins\/wp-optimize\/wp-optimize.php","line":671}

Mar 12 2023 23:24:50
{"type":8192,"message":"Creation of dynamic property WP_Optimize::$install_or_update_notice is deprecated","file":"\/var\/www\/html\/wp-content\/plugins\/wp-optimize\/wp-optimize.php","line":671}

Mar 12 2023 23:24:51
{"type":8192,"message":"Creation of dynamic property WP_Optimize::$install_or_update_notice is deprecated","file":"\/var\/www\/html\/wp-content\/plugins\/wp-optimize\/wp-optimize.php","line":671}

Mar 12 2023 23:24:51
{"type":8192,"message":"Creation of dynamic property WP_Optimize::$install_or_update_notice is deprecated","file":"\/var\/www\/html\/wp-content\/plugins\/wp-optimize\/wp-optimize.php","line":671}

Mar 12 2023 23:24:51
{"type":8192,"message":"Creation of dynamic property WP_Optimize::$install_or_update_notice is deprecated","file":"\/var\/www\/html\/wp-content\/plugins\/wp-optimize\/wp-optimize.php","line":671}

Mar 12 2023 23:24:54
{"type":8192,"message":"Creation of dynamic property WP_Optimize::$install_or_update_notice is deprecated","file":"\/var\/www\/html\/wp-content\/plugins\/wp-optimize\/wp-optimize.php","line":671}

Mar 12 2023 23:24:57
{"type":8192,"message":"Creation of dynamic property WP_Optimize::$install_or_update_notice is deprecated","file":"\/var\/www\/html\/wp-content\/plugins\/wp-optimize\/wp-optimize.php","line":671}

Mar 12 2023 23:25:00
{"type":8192,"message":"Creation of dynamic property WP_Optimize::$install_or_update_notice is deprecated","file":"\/var\/www\/html\/wp-content\/plugins\/wp-optimize\/wp-optimize.php","line":671}

Mar 12 2023 23:25:01
{"type":8192,"message":"Creation of dynamic property WP_Optimize::$install_or_update_notice is deprecated","file":"\/var\/www\/html\/wp-content\/plugins\/wp-optimize\/wp-optimize.php","line":671}

Mar 12 2023 23:25:04
{"type":8192,"message":"Creation of dynamic property WP_Optimize::$install_or_update_notice is deprecated","file":"\/var\/www\/html\/wp-content\/plugins\/wp-optimize\/wp-optimize.php","line":671}

Mar 12 2023 23:25:05
{"type":8192,"message":"Creation of dynamic property WP_Optimize::$install_or_update_notice is deprecated","file":"\/var\/www\/html\/wp-content\/plugins\/wp-optimize\/wp-optimize.php","line":671}

Mar 12 2023 23:25:06
{"type":8192,"message":"Creation of dynamic property WP_Optimize::$install_or_update_notice is deprecated","file":"\/var\/www\/html\/wp-content\/plugins\/wp-optimize\/wp-optimize.php","line":671}

Mar 12 2023 23:25:06
{"type":8192,"message":"Creation of dynamic property WP_Optimize::$install_or_update_notice is deprecated","file":"\/var\/www\/html\/wp-content\/plugins\/wp-optimize\/wp-optimize.php","line":671}

Mar 12 2023 23:25:07
{"type":8192,"message":"Creation of dynamic property WP_Optimize::$install_or_update_notice is deprecated","file":"\/var\/www\/html\/wp-content\/plugins\/wp-optimize\/wp-optimize.php","line":671}

Mar 12 2023 23:25:07
{"type":8192,"message":"Creation of dynamic property WP_Optimize::$install_or_update_notice is deprecated","file":"\/var\/www\/html\/wp-content\/plugins\/wp-optimize\/wp-optimize.php","line":671}

Mar 12 2023 23:25:07
{"type":8192,"message":"Creation of dynamic property WP_Optimize::$install_or_update_notice is deprecated","file":"\/var\/www\/html\/wp-content\/plugins\/wp-optimize\/wp-optimize.php","line":671}

Mar 12 2023 23:25:07
{"type":8192,"message":"Creation of dynamic property WP_Optimize::$install_or_update_notice is deprecated","file":"\/var\/www\/html\/wp-content\/plugins\/wp-optimize\/wp-optimize.php","line":671}

Mar 12 2023 23:25:08
{"type":8192,"message":"Creation of dynamic property WP_Optimize::$install_or_update_notice is deprecated","file":"\/var\/www\/html\/wp-content\/plugins\/wp-optimize\/wp-optimize.php","line":671}

Mar 12 2023 23:25:10
{"type":8192,"message":"Creation of dynamic property WP_Optimize::$install_or_update_notice is deprecated","file":"\/var\/www\/html\/wp-content\/plugins\/wp-optimize\/wp-optimize.php","line":671}

Mar 13 2023 00:26:05
{"type":8192,"message":"Creation of dynamic property WP_Optimize::$install_or_update_notice is deprecated","file":"\/var\/www\/html\/wp-content\/plugins\/wp-optimize\/wp-optimize.php","line":671}

Mar 13 2023 00:26:36
{"type":8192,"message":"Creation of dynamic property WP_Optimize::$install_or_update_notice is deprecated","file":"\/var\/www\/html\/wp-content\/plugins\/wp-optimize\/wp-optimize.php","line":671}

Mar 13 2023 00:26:36
{"type":8192,"message":"Creation of dynamic property WP_Optimize::$install_or_update_notice is deprecated","file":"\/var\/www\/html\/wp-content\/plugins\/wp-optimize\/wp-optimize.php","line":671}

Mar 13 2023 00:26:37
{"type":8192,"message":"Creation of dynamic property WP_Optimize::$install_or_update_notice is deprecated","file":"\/var\/www\/html\/wp-content\/plugins\/wp-optimize\/wp-optimize.php","line":671}

Mar 13 2023 00:26:37
{"type":8192,"message":"Creation of dynamic property WP_Optimize::$install_or_update_notice is deprecated","file":"\/var\/www\/html\/wp-content\/plugins\/wp-optimize\/wp-optimize.php","line":671}

Mar 13 2023 00:26:37
{"type":8192,"message":"Creation of dynamic property WP_Optimize::$install_or_update_notice is deprecated","file":"\/var\/www\/html\/wp-content\/plugins\/wp-optimize\/wp-optimize.php","line":671}

Mar 13 2023 00:26:37
{"type":8192,"message":"Creation of dynamic property WP_Optimize::$install_or_update_notice is deprecated","file":"\/var\/www\/html\/wp-content\/plugins\/wp-optimize\/wp-optimize.php","line":671}

Mar 13 2023 00:26:37
{"type":8192,"message":"Creation of dynamic property WP_Optimize::$install_or_update_notice is deprecated","file":"\/var\/www\/html\/wp-content\/plugins\/wp-optimize\/wp-optimize.php","line":671}

Mar 13 2023 00:26:41
{"type":8192,"message":"Creation of dynamic property WP_Optimize::$install_or_update_notice is deprecated","file":"\/var\/www\/html\/wp-content\/plugins\/wp-optimize\/wp-optimize.php","line":671}

Mar 13 2023 00:26:48
{"type":8192,"message":"Creation of dynamic property WP_Optimize::$install_or_update_notice is deprecated","file":"\/var\/www\/html\/wp-content\/plugins\/wp-optimize\/wp-optimize.php","line":671}

Mar 13 2023 00:26:48
{"type":8192,"message":"Creation of dynamic property WP_Optimize::$install_or_update_notice is deprecated","file":"\/var\/www\/html\/wp-content\/plugins\/wp-optimize\/wp-optimize.php","line":671}

Mar 13 2023 00:26:48
{"type":8192,"message":"Creation of dynamic property WP_Optimize::$install_or_update_notice is deprecated","file":"\/var\/www\/html\/wp-content\/plugins\/wp-optimize\/wp-optimize.php","line":671}

Mar 13 2023 00:26:49
{"type":8192,"message":"Creation of dynamic property WP_Optimize::$install_or_update_notice is deprecated","file":"\/var\/www\/html\/wp-content\/plugins\/wp-optimize\/wp-optimize.php","line":671}

Mar 13 2023 00:26:52
{"type":8192,"message":"Creation of dynamic property WP_Optimize::$install_or_update_notice is deprecated","file":"\/var\/www\/html\/wp-content\/plugins\/wp-optimize\/wp-optimize.php","line":671}

Mar 13 2023 00:26:55
{"type":8192,"message":"Creation of dynamic property WP_Optimize::$install_or_update_notice is deprecated","file":"\/var\/www\/html\/wp-content\/plugins\/wp-optimize\/wp-optimize.php","line":671}

Mar 13 2023 00:26:58
{"type":8192,"message":"Creation of dynamic property WP_Optimize::$install_or_update_notice is deprecated","file":"\/var\/www\/html\/wp-content\/plugins\/wp-optimize\/wp-optimize.php","line":671}

Mar 13 2023 00:26:59
{"type":8192,"message":"Creation of dynamic property WP_Optimize::$install_or_update_notice is deprecated","file":"\/var\/www\/html\/wp-content\/plugins\/wp-optimize\/wp-optimize.php","line":671}

Mar 13 2023 00:27:01
{"type":8192,"message":"Creation of dynamic property WP_Optimize::$install_or_update_notice is deprecated","file":"\/var\/www\/html\/wp-content\/plugins\/wp-optimize\/wp-optimize.php","line":671}

Mar 13 2023 00:27:02
{"type":8192,"message":"Creation of dynamic property WP_Optimize::$install_or_update_notice is deprecated","file":"\/var\/www\/html\/wp-content\/plugins\/wp-optimize\/wp-optimize.php","line":671}

Mar 13 2023 00:27:02
{"type":8192,"message":"Creation of dynamic property WP_Optimize::$install_or_update_notice is deprecated","file":"\/var\/www\/html\/wp-content\/plugins\/wp-optimize\/wp-optimize.php","line":671}

Mar 13 2023 00:27:02
{"type":8192,"message":"Creation of dynamic property WP_Optimize::$install_or_update_notice is deprecated","file":"\/var\/www\/html\/wp-content\/plugins\/wp-optimize\/wp-optimize.php","line":671}

Mar 13 2023 00:27:02
{"type":8192,"message":"Creation of dynamic property WP_Optimize::$install_or_update_notice is deprecated","file":"\/var\/www\/html\/wp-content\/plugins\/wp-optimize\/wp-optimize.php","line":671}

Mar 13 2023 00:27:02
{"type":8192,"message":"Creation of dynamic property WP_Optimize::$install_or_update_notice is deprecated","file":"\/var\/www\/html\/wp-content\/plugins\/wp-optimize\/wp-optimize.php","line":671}

Mar 13 2023 00:27:02
{"type":8192,"message":"Creation of dynamic property WP_Optimize::$install_or_update_notice is deprecated","file":"\/var\/www\/html\/wp-content\/plugins\/wp-optimize\/wp-optimize.php","line":671}

Mar 13 2023 00:27:03
{"type":8192,"message":"Creation of dynamic property WP_Optimize::$install_or_update_notice is deprecated","file":"\/var\/www\/html\/wp-content\/plugins\/wp-optimize\/wp-optimize.php","line":671}

Mar 13 2023 00:27:05
{"type":8192,"message":"Creation of dynamic property WP_Optimize::$install_or_update_notice is deprecated","file":"\/var\/www\/html\/wp-content\/plugins\/wp-optimize\/wp-optimize.php","line":671}

Mar 13 2023 00:34:30
{"Number":8192,"Message":"Return type of Requests_Cookie_Jar::offsetExists($key) should either be compatible with ArrayAccess::offsetExists(mixed $offset): bool, or the #[\\ReturnTypeWillChange] attribute should be used to temporarily suppress the notice","File":"\/var\/www\/html\/wp-includes\/Requests\/Cookie\/Jar.php","Line":63}

Mar 13 2023 00:34:30
{"Number":8192,"Message":"Return type of Requests_Cookie_Jar::offsetGet($key) should either be compatible with ArrayAccess::offsetGet(mixed $offset): mixed, or the #[\\ReturnTypeWillChange] attribute should be used to temporarily suppress the notice","File":"\/var\/www\/html\/wp-includes\/Requests\/Cookie\/Jar.php","Line":73}

Mar 13 2023 00:34:30
{"Number":8192,"Message":"Return type of Requests_Cookie_Jar::offsetSet($key, $value) should either be compatible with ArrayAccess::offsetSet(mixed $offset, mixed $value): void, or the #[\\ReturnTypeWillChange] attribute should be used to temporarily suppress the notice","File":"\/var\/www\/html\/wp-includes\/Requests\/Cookie\/Jar.php","Line":89}

Mar 13 2023 00:34:30
{"Number":8192,"Message":"Return type of Requests_Cookie_Jar::offsetUnset($key) should either be compatible with ArrayAccess::offsetUnset(mixed $offset): void, or the #[\\ReturnTypeWillChange] attribute should be used to temporarily suppress the notice","File":"\/var\/www\/html\/wp-includes\/Requests\/Cookie\/Jar.php","Line":102}

Mar 13 2023 00:34:30
{"Number":8192,"Message":"Return type of Requests_Cookie_Jar::getIterator() should either be compatible with IteratorAggregate::getIterator(): Traversable, or the #[\\ReturnTypeWillChange] attribute should be used to temporarily suppress the notice","File":"\/var\/www\/html\/wp-includes\/Requests\/Cookie\/Jar.php","Line":111}

Mar 13 2023 00:34:30
{"Number":8192,"Message":"Return type of Requests_Utility_CaseInsensitiveDictionary::offsetExists($key) should either be compatible with ArrayAccess::offsetExists(mixed $offset): bool, or the #[\\ReturnTypeWillChange] attribute should be used to temporarily suppress the notice","File":"\/var\/www\/html\/wp-includes\/Requests\/Utility\/CaseInsensitiveDictionary.php","Line":40}

Mar 13 2023 00:34:30
{"Number":8192,"Message":"Return type of Requests_Utility_CaseInsensitiveDictionary::offsetGet($key) should either be compatible with ArrayAccess::offsetGet(mixed $offset): mixed, or the #[\\ReturnTypeWillChange] attribute should be used to temporarily suppress the notice","File":"\/var\/www\/html\/wp-includes\/Requests\/Utility\/CaseInsensitiveDictionary.php","Line":51}

Mar 13 2023 00:34:30
{"Number":8192,"Message":"Return type of Requests_Utility_CaseInsensitiveDictionary::offsetSet($key, $value) should either be compatible with ArrayAccess::offsetSet(mixed $offset, mixed $value): void, or the #[\\ReturnTypeWillChange] attribute should be used to temporarily suppress the notice","File":"\/var\/www\/html\/wp-includes\/Requests\/Utility\/CaseInsensitiveDictionary.php","Line":68}

Mar 13 2023 00:34:30
{"Number":8192,"Message":"Return type of Requests_Utility_CaseInsensitiveDictionary::offsetUnset($key) should either be compatible with ArrayAccess::offsetUnset(mixed $offset): void, or the #[\\ReturnTypeWillChange] attribute should be used to temporarily suppress the notice","File":"\/var\/www\/html\/wp-includes\/Requests\/Utility\/CaseInsensitiveDictionary.php","Line":82}

Mar 13 2023 00:34:30
{"Number":8192,"Message":"Return type of Requests_Utility_CaseInsensitiveDictionary::getIterator() should either be compatible with IteratorAggregate::getIterator(): Traversable, or the #[\\ReturnTypeWillChange] attribute should be used to temporarily suppress the notice","File":"\/var\/www\/html\/wp-includes\/Requests\/Utility\/CaseInsensitiveDictionary.php","Line":91}

Mar 13 2023 00:34:30
{"type":8192,"message":"Creation of dynamic property WP_Optimize::$install_or_update_notice is deprecated","file":"\/var\/www\/html\/wp-content\/plugins\/wp-optimize\/wp-optimize.php","line":671}

Mar 13 2023 00:34:31
{"type":8192,"message":"Creation of dynamic property WP_Optimize::$install_or_update_notice is deprecated","file":"\/var\/www\/html\/wp-content\/plugins\/wp-optimize\/wp-optimize.php","line":671}

Mar 13 2023 00:34:31
{"type":8192,"message":"Creation of dynamic property WP_Optimize::$install_or_update_notice is deprecated","file":"\/var\/www\/html\/wp-content\/plugins\/wp-optimize\/wp-optimize.php","line":671}

Mar 13 2023 00:34:32
{"type":8192,"message":"Creation of dynamic property WP_Optimize::$install_or_update_notice is deprecated","file":"\/var\/www\/html\/wp-content\/plugins\/wp-optimize\/wp-optimize.php","line":671}

Mar 13 2023 00:34:32
{"type":8192,"message":"Creation of dynamic property WP_Optimize::$install_or_update_notice is deprecated","file":"\/var\/www\/html\/wp-content\/plugins\/wp-optimize\/wp-optimize.php","line":671}

Mar 13 2023 00:34:32
{"type":8192,"message":"Creation of dynamic property WP_Optimize::$install_or_update_notice is deprecated","file":"\/var\/www\/html\/wp-content\/plugins\/wp-optimize\/wp-optimize.php","line":671}

Mar 13 2023 00:34:32
{"type":8192,"message":"Creation of dynamic property WP_Optimize::$install_or_update_notice is deprecated","file":"\/var\/www\/html\/wp-content\/plugins\/wp-optimize\/wp-optimize.php","line":671}

Mar 13 2023 00:34:35
{"type":8192,"message":"Creation of dynamic property WP_Optimize::$install_or_update_notice is deprecated","file":"\/var\/www\/html\/wp-content\/plugins\/wp-optimize\/wp-optimize.php","line":671}

Mar 13 2023 00:34:37
{"type":8192,"message":"Creation of dynamic property WP_Optimize::$install_or_update_notice is deprecated","file":"\/var\/www\/html\/wp-content\/plugins\/wp-optimize\/wp-optimize.php","line":671}

Mar 13 2023 00:34:37
{"type":8192,"message":"Creation of dynamic property WP_Optimize::$install_or_update_notice is deprecated","file":"\/var\/www\/html\/wp-content\/plugins\/wp-optimize\/wp-optimize.php","line":671}

Mar 13 2023 00:34:37
{"type":8192,"message":"Creation of dynamic property WP_Optimize::$install_or_update_notice is deprecated","file":"\/var\/www\/html\/wp-content\/plugins\/wp-optimize\/wp-optimize.php","line":671}

Mar 13 2023 00:34:38
{"type":8192,"message":"Creation of dynamic property WP_Optimize::$install_or_update_notice is deprecated","file":"\/var\/www\/html\/wp-content\/plugins\/wp-optimize\/wp-optimize.php","line":671}

Mar 13 2023 00:34:41
{"type":8192,"message":"Creation of dynamic property WP_Optimize::$install_or_update_notice is deprecated","file":"\/var\/www\/html\/wp-content\/plugins\/wp-optimize\/wp-optimize.php","line":671}

Mar 13 2023 00:34:44
{"type":8192,"message":"Creation of dynamic property WP_Optimize::$install_or_update_notice is deprecated","file":"\/var\/www\/html\/wp-content\/plugins\/wp-optimize\/wp-optimize.php","line":671}

Mar 13 2023 00:34:47
{"type":8192,"message":"Creation of dynamic property WP_Optimize::$install_or_update_notice is deprecated","file":"\/var\/www\/html\/wp-content\/plugins\/wp-optimize\/wp-optimize.php","line":671}

Mar 13 2023 00:34:47
{"type":8192,"message":"Creation of dynamic property WP_Optimize::$install_or_update_notice is deprecated","file":"\/var\/www\/html\/wp-content\/plugins\/wp-optimize\/wp-optimize.php","line":671}

Mar 13 2023 00:34:48
{"type":8192,"message":"Creation of dynamic property WP_Optimize::$install_or_update_notice is deprecated","file":"\/var\/www\/html\/wp-content\/plugins\/wp-optimize\/wp-optimize.php","line":671}

Mar 13 2023 00:34:48
{"type":8192,"message":"Creation of dynamic property WP_Optimize::$install_or_update_notice is deprecated","file":"\/var\/www\/html\/wp-content\/plugins\/wp-optimize\/wp-optimize.php","line":671}

Mar 13 2023 00:34:48
{"type":8192,"message":"Creation of dynamic property WP_Optimize::$install_or_update_notice is deprecated","file":"\/var\/www\/html\/wp-content\/plugins\/wp-optimize\/wp-optimize.php","line":671}

Mar 13 2023 00:34:48
{"type":8192,"message":"Creation of dynamic property WP_Optimize::$install_or_update_notice is deprecated","file":"\/var\/www\/html\/wp-content\/plugins\/wp-optimize\/wp-optimize.php","line":671}

Mar 13 2023 00:34:48
{"type":8192,"message":"Creation of dynamic property WP_Optimize::$install_or_update_notice is deprecated","file":"\/var\/www\/html\/wp-content\/plugins\/wp-optimize\/wp-optimize.php","line":671}

Mar 13 2023 00:34:49
{"type":8192,"message":"Creation of dynamic property WP_Optimize::$install_or_update_notice is deprecated","file":"\/var\/www\/html\/wp-content\/plugins\/wp-optimize\/wp-optimize.php","line":671}

Mar 13 2023 00:34:51
{"type":8192,"message":"Creation of dynamic property WP_Optimize::$install_or_update_notice is deprecated","file":"\/var\/www\/html\/wp-content\/plugins\/wp-optimize\/wp-optimize.php","line":671}

Mar 13 2023 00:35:19
{"type":8192,"message":"Creation of dynamic property WP_Optimize::$install_or_update_notice is deprecated","file":"\/var\/www\/html\/wp-content\/plugins\/wp-optimize\/wp-optimize.php","line":671}

Mar 13 2023 00:35:19
{"type":8192,"message":"Creation of dynamic property WP_Optimize::$install_or_update_notice is deprecated","file":"\/var\/www\/html\/wp-content\/plugins\/wp-optimize\/wp-optimize.php","line":671}

Mar 13 2023 00:35:20
{"type":8192,"message":"Creation of dynamic property WP_Optimize::$install_or_update_notice is deprecated","file":"\/var\/www\/html\/wp-content\/plugins\/wp-optimize\/wp-optimize.php","line":671}

Mar 13 2023 00:35:20
{"type":8192,"message":"Creation of dynamic property WP_Optimize::$install_or_update_notice is deprecated","file":"\/var\/www\/html\/wp-content\/plugins\/wp-optimize\/wp-optimize.php","line":671}

Mar 13 2023 00:35:20
{"type":8192,"message":"Creation of dynamic property WP_Optimize::$install_or_update_notice is deprecated","file":"\/var\/www\/html\/wp-content\/plugins\/wp-optimize\/wp-optimize.php","line":671}

Mar 13 2023 00:35:20
{"type":8192,"message":"Creation of dynamic property WP_Optimize::$install_or_update_notice is deprecated","file":"\/var\/www\/html\/wp-content\/plugins\/wp-optimize\/wp-optimize.php","line":671}

Mar 13 2023 00:35:20
{"type":8192,"message":"Creation of dynamic property WP_Optimize::$install_or_update_notice is deprecated","file":"\/var\/www\/html\/wp-content\/plugins\/wp-optimize\/wp-optimize.php","line":671}

Mar 13 2023 00:35:23
{"type":8192,"message":"Creation of dynamic property WP_Optimize::$install_or_update_notice is deprecated","file":"\/var\/www\/html\/wp-content\/plugins\/wp-optimize\/wp-optimize.php","line":671}

Mar 13 2023 00:35:28
{"type":8192,"message":"Creation of dynamic property WP_Optimize::$install_or_update_notice is deprecated","file":"\/var\/www\/html\/wp-content\/plugins\/wp-optimize\/wp-optimize.php","line":671}

Mar 13 2023 00:35:28
{"type":8192,"message":"Creation of dynamic property WP_Optimize::$install_or_update_notice is deprecated","file":"\/var\/www\/html\/wp-content\/plugins\/wp-optimize\/wp-optimize.php","line":671}

Mar 13 2023 00:35:28
{"type":8192,"message":"Creation of dynamic property WP_Optimize::$install_or_update_notice is deprecated","file":"\/var\/www\/html\/wp-content\/plugins\/wp-optimize\/wp-optimize.php","line":671}

Mar 13 2023 00:35:29
{"type":8192,"message":"Creation of dynamic property WP_Optimize::$install_or_update_notice is deprecated","file":"\/var\/www\/html\/wp-content\/plugins\/wp-optimize\/wp-optimize.php","line":671}

Mar 13 2023 00:35:32
{"type":8192,"message":"Creation of dynamic property WP_Optimize::$install_or_update_notice is deprecated","file":"\/var\/www\/html\/wp-content\/plugins\/wp-optimize\/wp-optimize.php","line":671}

Mar 13 2023 00:35:35
{"type":8192,"message":"Creation of dynamic property WP_Optimize::$install_or_update_notice is deprecated","file":"\/var\/www\/html\/wp-content\/plugins\/wp-optimize\/wp-optimize.php","line":671}

Mar 13 2023 00:35:37
{"Number":8192,"Message":"Return type of Requests_Cookie_Jar::offsetExists($key) should either be compatible with ArrayAccess::offsetExists(mixed $offset): bool, or the #[\\ReturnTypeWillChange] attribute should be used to temporarily suppress the notice","File":"\/var\/www\/html\/wp-includes\/Requests\/Cookie\/Jar.php","Line":63}

Mar 13 2023 00:35:37
{"Number":8192,"Message":"Return type of Requests_Cookie_Jar::offsetGet($key) should either be compatible with ArrayAccess::offsetGet(mixed $offset): mixed, or the #[\\ReturnTypeWillChange] attribute should be used to temporarily suppress the notice","File":"\/var\/www\/html\/wp-includes\/Requests\/Cookie\/Jar.php","Line":73}

Mar 13 2023 00:35:37
{"Number":8192,"Message":"Return type of Requests_Cookie_Jar::offsetSet($key, $value) should either be compatible with ArrayAccess::offsetSet(mixed $offset, mixed $value): void, or the #[\\ReturnTypeWillChange] attribute should be used to temporarily suppress the notice","File":"\/var\/www\/html\/wp-includes\/Requests\/Cookie\/Jar.php","Line":89}

Mar 13 2023 00:35:37
{"Number":8192,"Message":"Return type of Requests_Cookie_Jar::offsetUnset($key) should either be compatible with ArrayAccess::offsetUnset(mixed $offset): void, or the #[\\ReturnTypeWillChange] attribute should be used to temporarily suppress the notice","File":"\/var\/www\/html\/wp-includes\/Requests\/Cookie\/Jar.php","Line":102}

Mar 13 2023 00:35:37
{"Number":8192,"Message":"Return type of Requests_Cookie_Jar::getIterator() should either be compatible with IteratorAggregate::getIterator(): Traversable, or the #[\\ReturnTypeWillChange] attribute should be used to temporarily suppress the notice","File":"\/var\/www\/html\/wp-includes\/Requests\/Cookie\/Jar.php","Line":111}

Mar 13 2023 00:35:37
{"Number":8192,"Message":"Return type of Requests_Utility_CaseInsensitiveDictionary::offsetExists($key) should either be compatible with ArrayAccess::offsetExists(mixed $offset): bool, or the #[\\ReturnTypeWillChange] attribute should be used to temporarily suppress the notice","File":"\/var\/www\/html\/wp-includes\/Requests\/Utility\/CaseInsensitiveDictionary.php","Line":40}

Mar 13 2023 00:35:37
{"Number":8192,"Message":"Return type of Requests_Utility_CaseInsensitiveDictionary::offsetGet($key) should either be compatible with ArrayAccess::offsetGet(mixed $offset): mixed, or the #[\\ReturnTypeWillChange] attribute should be used to temporarily suppress the notice","File":"\/var\/www\/html\/wp-includes\/Requests\/Utility\/CaseInsensitiveDictionary.php","Line":51}

Mar 13 2023 00:35:37
{"Number":8192,"Message":"Return type of Requests_Utility_CaseInsensitiveDictionary::offsetSet($key, $value) should either be compatible with ArrayAccess::offsetSet(mixed $offset, mixed $value): void, or the #[\\ReturnTypeWillChange] attribute should be used to temporarily suppress the notice","File":"\/var\/www\/html\/wp-includes\/Requests\/Utility\/CaseInsensitiveDictionary.php","Line":68}

Mar 13 2023 00:35:37
{"Number":8192,"Message":"Return type of Requests_Utility_CaseInsensitiveDictionary::offsetUnset($key) should either be compatible with ArrayAccess::offsetUnset(mixed $offset): void, or the #[\\ReturnTypeWillChange] attribute should be used to temporarily suppress the notice","File":"\/var\/www\/html\/wp-includes\/Requests\/Utility\/CaseInsensitiveDictionary.php","Line":82}

Mar 13 2023 00:35:37
{"Number":8192,"Message":"Return type of Requests_Utility_CaseInsensitiveDictionary::getIterator() should either be compatible with IteratorAggregate::getIterator(): Traversable, or the #[\\ReturnTypeWillChange] attribute should be used to temporarily suppress the notice","File":"\/var\/www\/html\/wp-includes\/Requests\/Utility\/CaseInsensitiveDictionary.php","Line":91}

Mar 13 2023 00:35:37
{"type":8192,"message":"Creation of dynamic property WP_Optimize::$install_or_update_notice is deprecated","file":"\/var\/www\/html\/wp-content\/plugins\/wp-optimize\/wp-optimize.php","line":671}

Mar 13 2023 00:35:38
{"type":8192,"message":"Creation of dynamic property WP_Optimize::$install_or_update_notice is deprecated","file":"\/var\/www\/html\/wp-content\/plugins\/wp-optimize\/wp-optimize.php","line":671}

Mar 13 2023 00:35:38
{"type":8192,"message":"Creation of dynamic property WP_Optimize::$install_or_update_notice is deprecated","file":"\/var\/www\/html\/wp-content\/plugins\/wp-optimize\/wp-optimize.php","line":671}

Mar 13 2023 00:35:38
{"type":8192,"message":"Creation of dynamic property WP_Optimize::$install_or_update_notice is deprecated","file":"\/var\/www\/html\/wp-content\/plugins\/wp-optimize\/wp-optimize.php","line":671}

Mar 13 2023 00:35:38
{"type":8192,"message":"Creation of dynamic property WP_Optimize::$install_or_update_notice is deprecated","file":"\/var\/www\/html\/wp-content\/plugins\/wp-optimize\/wp-optimize.php","line":671}

Mar 13 2023 00:35:39
{"type":8192,"message":"Creation of dynamic property WP_Optimize::$install_or_update_notice is deprecated","file":"\/var\/www\/html\/wp-content\/plugins\/wp-optimize\/wp-optimize.php","line":671}

Mar 13 2023 00:35:39
{"type":8192,"message":"Creation of dynamic property WP_Optimize::$install_or_update_notice is deprecated","file":"\/var\/www\/html\/wp-content\/plugins\/wp-optimize\/wp-optimize.php","line":671}

Mar 13 2023 00:35:40
{"type":8192,"message":"Creation of dynamic property WP_Optimize::$install_or_update_notice is deprecated","file":"\/var\/www\/html\/wp-content\/plugins\/wp-optimize\/wp-optimize.php","line":671}

Mar 13 2023 00:35:41
{"type":8192,"message":"Creation of dynamic property WP_Optimize::$install_or_update_notice is deprecated","file":"\/var\/www\/html\/wp-content\/plugins\/wp-optimize\/wp-optimize.php","line":671}

Mar 13 2023 00:36:17
{"type":8192,"message":"Creation of dynamic property WP_Optimize::$install_or_update_notice is deprecated","file":"\/var\/www\/html\/wp-content\/plugins\/wp-optimize\/wp-optimize.php","line":671}

Mar 13 2023 00:36:17
{"type":8192,"message":"Creation of dynamic property WP_Optimize::$install_or_update_notice is deprecated","file":"\/var\/www\/html\/wp-content\/plugins\/wp-optimize\/wp-optimize.php","line":671}

Mar 13 2023 00:36:18
{"type":8192,"message":"Creation of dynamic property WP_Optimize::$install_or_update_notice is deprecated","file":"\/var\/www\/html\/wp-content\/plugins\/wp-optimize\/wp-optimize.php","line":671}

Mar 13 2023 00:36:18
{"type":8192,"message":"Creation of dynamic property WP_Optimize::$install_or_update_notice is deprecated","file":"\/var\/www\/html\/wp-content\/plugins\/wp-optimize\/wp-optimize.php","line":671}

Mar 13 2023 00:36:18
{"type":8192,"message":"Creation of dynamic property WP_Optimize::$install_or_update_notice is deprecated","file":"\/var\/www\/html\/wp-content\/plugins\/wp-optimize\/wp-optimize.php","line":671}

Mar 13 2023 00:36:18
{"type":8192,"message":"Creation of dynamic property WP_Optimize::$install_or_update_notice is deprecated","file":"\/var\/www\/html\/wp-content\/plugins\/wp-optimize\/wp-optimize.php","line":671}

Mar 13 2023 00:36:18
{"type":8192,"message":"Creation of dynamic property WP_Optimize::$install_or_update_notice is deprecated","file":"\/var\/www\/html\/wp-content\/plugins\/wp-optimize\/wp-optimize.php","line":671}

Mar 13 2023 00:36:21
{"type":8192,"message":"Creation of dynamic property WP_Optimize::$install_or_update_notice is deprecated","file":"\/var\/www\/html\/wp-content\/plugins\/wp-optimize\/wp-optimize.php","line":671}

Mar 13 2023 00:36:27
{"type":8192,"message":"Creation of dynamic property WP_Optimize::$install_or_update_notice is deprecated","file":"\/var\/www\/html\/wp-content\/plugins\/wp-optimize\/wp-optimize.php","line":671}

Mar 13 2023 00:36:28
{"type":8192,"message":"Creation of dynamic property WP_Optimize::$install_or_update_notice is deprecated","file":"\/var\/www\/html\/wp-content\/plugins\/wp-optimize\/wp-optimize.php","line":671}

Mar 13 2023 00:36:28
{"type":8192,"message":"Creation of dynamic property WP_Optimize::$install_or_update_notice is deprecated","file":"\/var\/www\/html\/wp-content\/plugins\/wp-optimize\/wp-optimize.php","line":671}

Mar 13 2023 00:36:28
{"type":8192,"message":"Creation of dynamic property WP_Optimize::$install_or_update_notice is deprecated","file":"\/var\/www\/html\/wp-content\/plugins\/wp-optimize\/wp-optimize.php","line":671}

Mar 13 2023 00:36:31
{"type":8192,"message":"Creation of dynamic property WP_Optimize::$install_or_update_notice is deprecated","file":"\/var\/www\/html\/wp-content\/plugins\/wp-optimize\/wp-optimize.php","line":671}

Mar 13 2023 00:36:31
{"type":8192,"message":"Creation of dynamic property WP_Optimize::$install_or_update_notice is deprecated","file":"\/var\/www\/html\/wp-content\/plugins\/wp-optimize\/wp-optimize.php","line":671}

Mar 13 2023 00:36:32
{"type":8192,"message":"Creation of dynamic property WP_Optimize::$install_or_update_notice is deprecated","file":"\/var\/www\/html\/wp-content\/plugins\/wp-optimize\/wp-optimize.php","line":671}

Mar 13 2023 00:36:32
{"type":8192,"message":"Creation of dynamic property WP_Optimize::$install_or_update_notice is deprecated","file":"\/var\/www\/html\/wp-content\/plugins\/wp-optimize\/wp-optimize.php","line":671}

Mar 13 2023 00:36:32
{"type":8192,"message":"Creation of dynamic property WP_Optimize::$install_or_update_notice is deprecated","file":"\/var\/www\/html\/wp-content\/plugins\/wp-optimize\/wp-optimize.php","line":671}

Mar 13 2023 00:36:32
{"type":8192,"message":"Creation of dynamic property WP_Optimize::$install_or_update_notice is deprecated","file":"\/var\/www\/html\/wp-content\/plugins\/wp-optimize\/wp-optimize.php","line":671}

Mar 13 2023 00:36:33
{"type":8192,"message":"Creation of dynamic property WP_Optimize::$install_or_update_notice is deprecated","file":"\/var\/www\/html\/wp-content\/plugins\/wp-optimize\/wp-optimize.php","line":671}

Mar 13 2023 00:36:33
{"type":8192,"message":"Creation of dynamic property WP_Optimize::$install_or_update_notice is deprecated","file":"\/var\/www\/html\/wp-content\/plugins\/wp-optimize\/wp-optimize.php","line":671}

Mar 13 2023 00:36:34
{"type":8192,"message":"Creation of dynamic property WP_Optimize::$install_or_update_notice is deprecated","file":"\/var\/www\/html\/wp-content\/plugins\/wp-optimize\/wp-optimize.php","line":671}

Mar 13 2023 00:40:28
{"type":8192,"message":"Creation of dynamic property WP_Optimize::$install_or_update_notice is deprecated","file":"\/var\/www\/html\/wp-content\/plugins\/wp-optimize\/wp-optimize.php","line":671}

Mar 13 2023 00:40:28
{"type":8192,"message":"Creation of dynamic property WP_Optimize::$install_or_update_notice is deprecated","file":"\/var\/www\/html\/wp-content\/plugins\/wp-optimize\/wp-optimize.php","line":671}

Mar 13 2023 00:40:29
{"type":8192,"message":"Creation of dynamic property WP_Optimize::$install_or_update_notice is deprecated","file":"\/var\/www\/html\/wp-content\/plugins\/wp-optimize\/wp-optimize.php","line":671}

Mar 13 2023 00:40:29
{"type":8192,"message":"Creation of dynamic property WP_Optimize::$install_or_update_notice is deprecated","file":"\/var\/www\/html\/wp-content\/plugins\/wp-optimize\/wp-optimize.php","line":671}

Mar 13 2023 00:40:29
{"type":8192,"message":"Creation of dynamic property WP_Optimize::$install_or_update_notice is deprecated","file":"\/var\/www\/html\/wp-content\/plugins\/wp-optimize\/wp-optimize.php","line":671}

Mar 13 2023 00:40:29
{"type":8192,"message":"Creation of dynamic property WP_Optimize::$install_or_update_notice is deprecated","file":"\/var\/www\/html\/wp-content\/plugins\/wp-optimize\/wp-optimize.php","line":671}

Mar 13 2023 00:40:29
{"type":8192,"message":"Creation of dynamic property WP_Optimize::$install_or_update_notice is deprecated","file":"\/var\/www\/html\/wp-content\/plugins\/wp-optimize\/wp-optimize.php","line":671}

Mar 13 2023 00:40:32
{"type":8192,"message":"Creation of dynamic property WP_Optimize::$install_or_update_notice is deprecated","file":"\/var\/www\/html\/wp-content\/plugins\/wp-optimize\/wp-optimize.php","line":671}

Mar 13 2023 00:40:33
{"type":8192,"message":"Creation of dynamic property WP_Optimize::$install_or_update_notice is deprecated","file":"\/var\/www\/html\/wp-content\/plugins\/wp-optimize\/wp-optimize.php","line":671}

Mar 13 2023 00:40:34
{"type":8192,"message":"Creation of dynamic property WP_Optimize::$install_or_update_notice is deprecated","file":"\/var\/www\/html\/wp-content\/plugins\/wp-optimize\/wp-optimize.php","line":671}

Mar 13 2023 00:40:34
{"type":8192,"message":"Creation of dynamic property WP_Optimize::$install_or_update_notice is deprecated","file":"\/var\/www\/html\/wp-content\/plugins\/wp-optimize\/wp-optimize.php","line":671}

Mar 13 2023 00:40:34
{"type":8192,"message":"Creation of dynamic property WP_Optimize::$install_or_update_notice is deprecated","file":"\/var\/www\/html\/wp-content\/plugins\/wp-optimize\/wp-optimize.php","line":671}

Mar 13 2023 00:40:35
{"type":8192,"message":"Creation of dynamic property WP_Optimize::$install_or_update_notice is deprecated","file":"\/var\/www\/html\/wp-content\/plugins\/wp-optimize\/wp-optimize.php","line":671}

Mar 13 2023 00:40:35
{"type":8192,"message":"Creation of dynamic property WP_Optimize::$install_or_update_notice is deprecated","file":"\/var\/www\/html\/wp-content\/plugins\/wp-optimize\/wp-optimize.php","line":671}

Mar 13 2023 00:40:36
{"type":8192,"message":"Creation of dynamic property WP_Optimize::$install_or_update_notice is deprecated","file":"\/var\/www\/html\/wp-content\/plugins\/wp-optimize\/wp-optimize.php","line":671}

Mar 13 2023 00:40:36
{"type":8192,"message":"Creation of dynamic property WP_Optimize::$install_or_update_notice is deprecated","file":"\/var\/www\/html\/wp-content\/plugins\/wp-optimize\/wp-optimize.php","line":671}

Mar 13 2023 00:40:36
{"type":8192,"message":"Creation of dynamic property WP_Optimize::$install_or_update_notice is deprecated","file":"\/var\/www\/html\/wp-content\/plugins\/wp-optimize\/wp-optimize.php","line":671}

Mar 13 2023 00:40:36
{"type":8192,"message":"Creation of dynamic property WP_Optimize::$install_or_update_notice is deprecated","file":"\/var\/www\/html\/wp-content\/plugins\/wp-optimize\/wp-optimize.php","line":671}

Mar 13 2023 00:40:36
{"type":8192,"message":"Creation of dynamic property WP_Optimize::$install_or_update_notice is deprecated","file":"\/var\/www\/html\/wp-content\/plugins\/wp-optimize\/wp-optimize.php","line":671}

Mar 13 2023 00:40:41
{"type":8192,"message":"Creation of dynamic property WP_Optimize::$install_or_update_notice is deprecated","file":"\/var\/www\/html\/wp-content\/plugins\/wp-optimize\/wp-optimize.php","line":671}

